Arguments: 
  /usr/bin/node /usr/bin/yarn add cheerio

PATH: 
  /usr/local/sbin:/usr/local/bin:/usr/bin:/usr/lib/jvm/default/bin:/usr/bin/site_perl:/usr/bin/vendor_perl:/usr/bin/core_perl

Yarn version: 
  1.5.1

Node version: 
  9.9.0

Platform: 
  linux x64

npm manifest: 
  {
    "name": "nodejs",
    "version": "1.0.0",
    "description": "",
    "main": "generator.js",
    "dependencies": {
      "_bluebird@3.5.1@bluebird": "^3.5.1",
      "bluebird": "^3.5.1"
    },
    "devDependencies": {},
    "scripts": {
      "test": "echo \"Error: no test specified\" && exit 1"
    },
    "author": "",
    "license": "ISC"
  }

yarn manifest: 
  No manifest

Lockfile: 
  No lockfile

Trace: 
  Error: Couldn't find package "_bluebird" on the "npm" registry.
      at new MessageError (/usr/lib/node_modules/yarn/lib/cli.js:186:110)
      at NpmResolver.<anonymous> (/usr/lib/node_modules/yarn/lib/cli.js:51625:15)
      at Generator.next (<anonymous>)
      at step (/usr/lib/node_modules/yarn/lib/cli.js:98:30)
      at /usr/lib/node_modules/yarn/lib/cli.js:109:13
      at <anonymous>
      at process._tickCallback (internal/process/next_tick.js:118:7)
